<?xml version="1.0" encoding="UTF-8"?>
<coverage generated="1778150354390" clover="3.2.0">
  <project timestamp="1778150354390" name="All files">
    <metrics statements="74" coveredstatements="66" conditionals="19" coveredconditionals="15" methods="9" coveredmethods="7" elements="102" coveredelements="88" complexity="0" loc="74" ncloc="74" packages="3" files="4" classes="4"/>
    <package name="middleware">
      <metrics statements="14" coveredstatements="12" conditionals="6" coveredconditionals="4" methods="3" coveredmethods="3"/>
      <file name="auth.js" path="/Users/alexandr/kr5_project/middleware/auth.js">
        <metrics statements="14" coveredstatements="12" conditionals="6" coveredconditionals="4" methods="3" coveredmethods="3"/>
        <line num="1" count="2" type="stmt"/>
        <line num="2" count="2" type="cond" truecount="2" falsecount="0"/>
        <line num="6" count="2" type="stmt"/>
        <line num="7" count="2" type="cond" truecount="1" falsecount="1"/>
        <line num="9" count="2" type="stmt"/>
        <line num="10" count="2" type="stmt"/>
        <line num="11" count="2" type="stmt"/>
        <line num="12" count="2" type="stmt"/>
        <line num="14" count="0" type="stmt"/>
        <line num="20" count="2" type="stmt"/>
        <line num="21" count="2" type="cond" truecount="1" falsecount="1"/>
        <line num="22" count="0" type="stmt"/>
        <line num="24" count="2" type="stmt"/>
        <line num="28" count="2" type="stmt"/>
      </file>
    </package>
    <package name="models">
      <metrics statements="4" coveredstatements="4" conditionals="0" coveredconditionals="0" methods="0" coveredmethods="0"/>
      <file name="User.js" path="/Users/alexandr/kr5_project/models/User.js">
        <metrics statements="4" coveredstatements="4" conditionals="0" coveredconditionals="0" methods="0" coveredmethods="0"/>
        <line num="1" count="2" type="stmt"/>
        <line num="2" count="2" type="stmt"/>
        <line num="4" count="2" type="stmt"/>
        <line num="11" count="2" type="stmt"/>
      </file>
    </package>
    <package name="routes">
      <metrics statements="56" coveredstatements="50" conditionals="13" coveredconditionals="11" methods="6" coveredmethods="4"/>
      <file name="auth.js" path="/Users/alexandr/kr5_project/routes/auth.js">
        <metrics statements="30" coveredstatements="26" conditionals="11" coveredconditionals="10" methods="3" coveredmethods="2"/>
        <line num="1" count="1" type="stmt"/>
        <line num="2" count="1" type="stmt"/>
        <line num="3" count="1" type="stmt"/>
        <line num="4" count="1" type="stmt"/>
        <line num="5" count="1" type="stmt"/>
        <line num="7" count="1" type="stmt"/>
        <line num="8" count="1" type="cond" truecount="2" falsecount="0"/>
        <line num="20" count="1" type="stmt"/>
        <line num="21" count="2" type="stmt"/>
        <line num="22" count="2" type="stmt"/>
        <line num="23" count="2" type="cond" truecount="5" falsecount="0"/>
        <line num="24" count="1" type="stmt"/>
        <line num="26" count="1" type="stmt"/>
        <line num="27" count="1" type="stmt"/>
        <line num="28" count="1" type="stmt"/>
        <line num="30" count="0" type="stmt"/>
        <line num="44" count="1" type="stmt"/>
        <line num="45" count="2" type="stmt"/>
        <line num="46" count="2" type="stmt"/>
        <line num="47" count="2" type="stmt"/>
        <line num="48" count="2" type="cond" truecount="1" falsecount="1"/>
        <line num="50" count="2" type="stmt"/>
        <line num="51" count="2" type="cond" truecount="2" falsecount="0"/>
        <line num="53" count="1" type="stmt"/>
        <line num="58" count="1" type="stmt"/>
        <line num="60" count="0" type="stmt"/>
        <line num="76" count="1" type="stmt"/>
        <line num="77" count="0" type="stmt"/>
        <line num="78" count="0" type="stmt"/>
        <line num="81" count="1" type="stmt"/>
      </file>
      <file name="users.js" path="/Users/alexandr/kr5_project/routes/users.js">
        <metrics statements="26" coveredstatements="24" conditionals="2" coveredconditionals="1" methods="3" coveredmethods="2"/>
        <line num="1" count="1" type="stmt"/>
        <line num="2" count="1" type="stmt"/>
        <line num="3" count="1" type="stmt"/>
        <line num="4" count="1" type="stmt"/>
        <line num="5" count="1" type="stmt"/>
        <line num="7" count="1" type="stmt"/>
        <line num="8" count="1" type="stmt"/>
        <line num="9" count="1" type="stmt"/>
        <line num="23" count="1" type="stmt"/>
        <line num="24" count="1" type="stmt"/>
        <line num="25" count="1" type="stmt"/>
        <line num="26" count="1" type="cond" truecount="1" falsecount="1"/>
        <line num="28" count="1" type="stmt"/>
        <line num="29" count="1" type="stmt"/>
        <line num="30" count="1" type="stmt"/>
        <line num="32" count="0" type="stmt"/>
        <line num="48" count="1" type="stmt"/>
        <line num="49" count="1" type="stmt"/>
        <line num="50" count="1" type="stmt"/>
        <line num="51" count="1" type="stmt"/>
        <line num="53" count="1" type="stmt"/>
        <line num="54" count="1" type="stmt"/>
        <line num="58" count="1" type="stmt"/>
        <line num="60" count="1" type="stmt"/>
        <line num="62" count="0" type="stmt"/>
        <line num="66" count="1" type="stmt"/>
      </file>
    </package>
  </project>
</coverage>
