TN:
SF:middleware/auth.js
FN:5,authMiddleware
FN:19,roleMiddleware
FN:20,(anonymous_2)
FNF:3
FNH:3
FNDA:2,authMiddleware
FNDA:2,roleMiddleware
FNDA:2,(anonymous_2)
DA:1,2
DA:2,2
DA:6,2
DA:7,2
DA:9,2
DA:10,2
DA:11,2
DA:12,2
DA:14,0
DA:20,2
DA:21,2
DA:22,0
DA:24,2
DA:28,2
LF:14
LH:12
BRDA:2,0,0,2
BRDA:2,0,1,2
BRDA:7,1,0,0
BRDA:7,1,1,2
BRDA:21,2,0,0
BRDA:21,2,1,2
BRF:6
BRH:4
end_of_record
TN:
SF:models/User.js
FNF:0
FNH:0
DA:1,2
DA:2,2
DA:4,2
DA:11,2
LF:4
LH:4
BRF:0
BRH:0
end_of_record
TN:
SF:routes/auth.js
FN:20,(anonymous_0)
FN:44,(anonymous_1)
FN:76,(anonymous_2)
FNF:3
FNH:2
FNDA:2,(anonymous_0)
FNDA:2,(anonymous_1)
FNDA:0,(anonymous_2)
DA:1,1
DA:2,1
DA:3,1
DA:4,1
DA:5,1
DA:7,1
DA:8,1
DA:20,1
DA:21,2
DA:22,2
DA:23,2
DA:24,1
DA:26,1
DA:27,1
DA:28,1
DA:30,0
DA:44,1
DA:45,2
DA:46,2
DA:47,2
DA:48,2
DA:50,2
DA:51,2
DA:53,1
DA:58,1
DA:60,0
DA:76,1
DA:77,0
DA:78,0
DA:81,1
LF:30
LH:26
BRDA:8,0,0,1
BRDA:8,0,1,1
BRDA:23,1,0,1
BRDA:23,1,1,1
BRDA:23,2,0,2
BRDA:23,2,1,2
BRDA:23,2,2,2
BRDA:48,3,0,0
BRDA:48,3,1,2
BRDA:51,4,0,1
BRDA:51,4,1,1
BRF:11
BRH:10
end_of_record
TN:
SF:routes/users.js
FN:23,(anonymous_0)
FN:48,(anonymous_1)
FN:58,(anonymous_2)
FNF:3
FNH:2
FNDA:1,(anonymous_0)
FNDA:1,(anonymous_1)
FNDA:0,(anonymous_2)
DA:1,1
DA:2,1
DA:3,1
DA:4,1
DA:5,1
DA:7,1
DA:8,1
DA:9,1
DA:23,1
DA:24,1
DA:25,1
DA:26,1
DA:28,1
DA:29,1
DA:30,1
DA:32,0
DA:48,1
DA:49,1
DA:50,1
DA:51,1
DA:53,1
DA:54,1
DA:58,1
DA:60,1
DA:62,0
DA:66,1
LF:26
LH:24
BRDA:26,0,0,0
BRDA:26,0,1,1
BRF:2
BRH:1
end_of_record
